<?xml version="1.0" encoding="UTF-8"?>
<!-- Generated by org.testng.reporters.JUnitReportReporter -->
<testsuite skipped="0" hostname="DESKTOP-95QKK0U" name="com.eapplycalculators.testCases.TC_PremimCalculator" tests="1" failures="0" timestamp="2020-02-23T15:17:49 AEDT" time="11.650" errors="0">
  <testcase name="PremiumCaculator" time="11.650" classname="com.eapplycalculators.testCases.TC_PremimCalculator"/>
  <system-out/>
</testsuite> <!-- com.eapplycalculators.testCases.TC_PremimCalculator -->
