<?xml version="1.0" encoding="UTF-8"?>
<!-- Generated by org.testng.reporters.JUnitReportReporter -->
<testsuite skipped="0" hostname="DESKTOP-95QKK0U" name="com.eapplycalculators.testCases.TC_eApplyCalDDT" tests="2" failures="0" timestamp="2020-02-23T16:38:27 AEDT" time="12.500" errors="0">
  <testcase name="eApplyCalculator" time="4.868" classname="com.eapplycalculators.testCases.TC_eApplyCalDDT"/>
  <system-out/>
  <testcase name="eApplyCalculator" time="7.632" classname="com.eapplycalculators.testCases.TC_eApplyCalDDT"/>
  <system-out/>
</testsuite> <!-- com.eapplycalculators.testCases.TC_eApplyCalDDT -->
